<?xml version="1.0" encoding="UTF-8"?>
<Site BuildName="Linux-clang++"
	BuildStamp="20220929-1452-Experimental"
	Name="adam-B450-AORUS-ELITE"
	Generator="ctest-3.22.1"
	CompilerName="/usr/bin/clang++"
	CompilerVersion="14.0.0"
	OSName="Linux"
	Hostname="adam-B450-AORUS-ELITE"
	OSRelease="5.15.0-48-generic"
	OSVersion="#54-Ubuntu SMP Fri Aug 26 13:26:29 UTC 2022"
	OSPlatform="x86_64"
	Is64Bits="1"
	VendorString="AuthenticAMD"
	VendorID="Advanced Micro Devices"
	FamilyID="23"
	ModelID="8"
	ProcessorCacheSize="512"
	NumberOfLogicalCPU="12"
	NumberOfPhysicalCPU="6"
	TotalVirtualMemory="486"
	TotalPhysicalMemory="15919"
	LogicalProcessorsPerPhysical="2"
	ProcessorClockFrequency="2625.61"
	>
	<Testing>
		<StartDateTime>Sep 29 16:52 CEST</StartDateTime>
		<StartTestTime>1664463167</StartTestTime>
		<TestList/>
		<EndDateTime>Sep 29 16:52 CEST</EndDateTime>
		<EndTestTime>1664463167</EndTestTime>
		<ElapsedMinutes>0</ElapsedMinutes>
	</Testing>
</Site>
